Build started 13.3.2016. 10:43:23.
     1>Project "D:\Marfil Studios\Engine\trunk\Engine\Engine.vcxproj" on node 2 (Build target(s)).
     1>ClCompile:
         C:\Program Files (x86)\Microsoft Visual Studio 12.0\VC\bin\CL.exe /c /I"..\SDL2-2.0.4\include" /ZI /W3 /WX- /sdl /Od /Oy- /D _MBCS /Gm /EHsc /RTC1 /MDd /GS /fp:precise /Zc:wchar_t /Zc:forScope /Fo"Debug\\" /Fd"Debug\vc120.pdb" /Gd /TP /analyze- /errorReport:prompt Renderer.cpp
         Microsoft (R) C/C++ Optimizing Compiler Version 18.00.21005.1 for x86
         Copyright (C) Microsoft Corporation.  All rights reserved.
         
         cl /c /I"..\SDL2-2.0.4\include" /ZI /W3 /WX- /sdl /Od /Oy- /D _MBCS /Gm /EHsc /RTC1 /MDd /GS /fp:precise /Zc:wchar_t /Zc:forScope /Fo"Debug\\" /Fd"Debug\vc120.pdb" /Gd /TP /analyze- /errorReport:prompt Renderer.cpp
         
         Renderer.cpp
       Link:
         C:\Program Files (x86)\Microsoft Visual Studio 12.0\VC\bin\link.exe /ERRORREPORT:PROMPT /OUT:"D:\Marfil Studios\Engine\trunk\Debug\Engine.exe" /INCREMENTAL /NOLOGO kernel32.lib user32.lib gdi32.lib winspool.lib comdlg32.lib advapi32.lib shell32.lib ole32.lib oleaut32.lib uuid.lib odbc32.lib odbccp32.lib /MANIFEST /MANIFESTUAC:"level='asInvoker' uiAccess='false'" /manifest:embed /DEBUG /PDB:"D:\Marfil Studios\Engine\trunk\Debug\Engine.pdb" /SUBSYSTEM:CONSOLE /TLBID:1 /DYNAMICBASE /NXCOMPAT /IMPLIB:"D:\Marfil Studios\Engine\trunk\Debug\Engine.lib" /MACHINE:X86 Debug\lapi.obj
         Debug\lauxlib.obj
         Debug\lbaselib.obj
         Debug\lbitlib.obj
         Debug\lcode.obj
         Debug\lcorolib.obj
         Debug\lctype.obj
         Debug\ldblib.obj
         Debug\ldebug.obj
         Debug\ldo.obj
         Debug\ldump.obj
         Debug\lfunc.obj
         Debug\lgc.obj
         Debug\linit.obj
         Debug\liolib.obj
         Debug\llex.obj
         Debug\lmathlib.obj
         Debug\lmem.obj
         Debug\loadlib.obj
         Debug\lobject.obj
         Debug\lopcodes.obj
         Debug\loslib.obj
         Debug\lparser.obj
         Debug\lstate.obj
         Debug\lstring.obj
         Debug\lstrlib.obj
         Debug\ltable.obj
         Debug\ltablib.obj
         Debug\ltm.obj
         Debug\lundump.obj
         Debug\lutf8lib.obj
         Debug\lvm.obj
         Debug\lzio.obj
         Debug\Engine.obj
         Debug\LuaBindings.obj
         Debug\main.obj
         Debug\Renderer.obj
         "D:\Marfil Studios\Engine\trunk\Win32\Debug\SDL2main.lib"
         "D:\Marfil Studios\Engine\trunk\Win32\Debug\SDL2.lib"
         Engine.vcxproj -> D:\Marfil Studios\Engine\trunk\Debug\Engine.exe
     1>Done Building Project "D:\Marfil Studios\Engine\trunk\Engine\Engine.vcxproj" (Build target(s)).

Build succeeded.

Time Elapsed 00:00:00.86
